{
  "RSpec": {
    "coverage": {
      "/home/unknown/Documents/ruby/spec/spec_helper.rb": [
        1,
        1,
        1,
        1,
        1,
        1
      ],
      "/home/unknown/Documents/ruby/account.rb": [
        null,
        1,
        null,
        1,
        null,
        1,
        null,
        null,
        5,
        null,
        5,
        5,
        5,
        5,
        5,
        5,
        null,
        null,
        null,
        null,
        null,
        null,
        null
      ],
      "/home/unknown/Documents/ruby/topic.rb": [
        null,
        1,
        1,
        null,
        1,
        0,
        0,
        0,
        0,
        0,
        0,
        null,
        null,
        1,
        0,
        0,
        null,
        null,
        1,
        0,
        null,
        null,
        1,
        null,
        0,
        0,
        0,
        0,
        null,
        null,
        1,
        0,
        0,
        0,
        0,
        0,
        null,
        0,
        0,
        null,
        null
      ],
      "/home/unknown/Documents/ruby/reply.rb": [
        null,
        1,
        null,
        1,
        null,
        1,
        null,
        null,
        0,
        0,
        0,
        0,
        0,
        0,
        0,
        null,
        null
      ],
      "/home/unknown/Documents/ruby/internet_forum.rb": [
        null,
        1,
        1,
        1,
        0,
        0,
        0,
        0,
        null,
        null,
        1,
        0,
        0,
        0,
        null,
        null,
        1,
        0,
        0,
        null,
        null,
        1,
        0,
        0,
        0,
        null,
        0,
        0,
        0,
        null,
        null,
        1,
        0,
        0,
        null,
        null,
        1,
        0,
        null,
        null
      ],
      "/home/unknown/Documents/ruby/forum.rb": [
        null,
        1,
        1,
        null,
        1,
        0,
        0,
        0,
        null,
        null,
        1,
        0,
        null,
        null,
        1,
        0,
        0,
        null,
        null
      ],
      "/home/unknown/Documents/ruby/category.rb": [
        null,
        1,
        1,
        null,
        1,
        0,
        0,
        0,
        null,
        null,
        1,
        0,
        null,
        null,
        1,
        0,
        null,
        null
      ]
    },
    "timestamp": 1414329233
  }
}
